<?xml version="1.0" encoding="UTF-8" ?>
<testsuite tests="4" failures="0" name="Controller.ValidatorTest" time="0.433" errors="0" skipped="0">
  <properties>
[...]
</properties>
  <testcase classname="Controller.ValidatorTest" name="Controller.ValidatorTest.testCheckId" time="0.423"/>
  <testcase classname="Controller.ValidatorTest" name="Controller.ValidatorTest.testCheckEmpty" time="0"/>
  <testcase classname="Controller.ValidatorTest" name="Controller.ValidatorTest.testCheckPrice" time="0.001"/>
  <testcase classname="Controller.ValidatorTest" name="Controller.ValidatorTest.testCheckName" time="0.009"/>
</testsuite>